e:\1\jupiter_ent\samples\networking\sealhunter - 副本\sshell\obj\debug\object.bsc
e:\1\jupiter_ent\samples\networking\sealhunter - 副本\sshell\obj\debug\vc143.pdb
e:\1\jupiter_ent\samples\networking\sealhunter - 副本\sshell\obj\debug\vc143.idb
e:\1\jupiter_ent\samples\networking\sealhunter - 副本\sshell\obj\debug\parsedmsg.sbr
e:\1\jupiter_ent\samples\networking\sealhunter - 副本\sshell\obj\debug\iltbaseclass.sbr
e:\1\jupiter_ent\samples\networking\sealhunter - 副本\sshell\obj\debug\ltengineobjects.sbr
e:\1\jupiter_ent\samples\networking\sealhunter - 副本\sshell\obj\debug\ltmodule.sbr
e:\1\jupiter_ent\samples\networking\sealhunter - 副本\sshell\obj\debug\ltquatbase.sbr
e:\1\jupiter_ent\samples\networking\sealhunter - 副本\sshell\obj\debug\aivolume.sbr
e:\1\jupiter_ent\samples\networking\sealhunter - 副本\sshell\obj\debug\gamestartpoint.sbr
e:\1\jupiter_ent\samples\networking\sealhunter - 副本\sshell\obj\debug\ltservershell.sbr
e:\1\jupiter_ent\samples\networking\sealhunter - 副本\sshell\obj\debug\pickup.sbr
e:\1\jupiter_ent\samples\networking\sealhunter - 副本\sshell\obj\debug\playersrvr.sbr
e:\1\jupiter_ent\samples\networking\sealhunter - 副本\sshell\obj\debug\projectile.sbr
e:\1\jupiter_ent\samples\networking\sealhunter - 副本\sshell\obj\debug\seal.sbr
e:\1\jupiter_ent\samples\networking\sealhunter - 副本\sshell\obj\debug\serverinterfaces.sbr
e:\1\jupiter_ent\samples\networking\sealhunter - 副本\sshell\obj\debug\serverspecialfx.sbr
e:\1\jupiter_ent\samples\networking\sealhunter - 副本\sshell\obj\debug\serverutilities.sbr
e:\1\jupiter_ent\samples\networking\sealhunter - 副本\sshell\obj\debug\snowman.sbr
e:\1\jupiter_ent\samples\networking\sealhunter - 副本\sshell\obj\debug\statsmanager.sbr
e:\1\jupiter_ent\samples\networking\sealhunter - 副本\sshell\obj\debug\transworldmodel.sbr
e:\1\jupiter_ent\samples\networking\sealhunter - 副本\sshell\obj\debug\trigger.sbr
e:\1\jupiter_ent\samples\networking\sealhunter - 副本\sshell\obj\debug\worldproperties.sbr
e:\1\jupiter_ent\samples\networking\sealhunter - 副本\sshell\obj\debug\worldproperties.obj
e:\1\jupiter_ent\samples\networking\sealhunter - 副本\sshell\obj\debug\trigger.obj
e:\1\jupiter_ent\samples\networking\sealhunter - 副本\sshell\obj\debug\transworldmodel.obj
e:\1\jupiter_ent\samples\networking\sealhunter - 副本\sshell\obj\debug\statsmanager.obj
e:\1\jupiter_ent\samples\networking\sealhunter - 副本\sshell\obj\debug\snowman.obj
e:\1\jupiter_ent\samples\networking\sealhunter - 副本\sshell\obj\debug\serverutilities.obj
e:\1\jupiter_ent\samples\networking\sealhunter - 副本\sshell\obj\debug\serverspecialfx.obj
e:\1\jupiter_ent\samples\networking\sealhunter - 副本\sshell\obj\debug\serverinterfaces.obj
e:\1\jupiter_ent\samples\networking\sealhunter - 副本\sshell\obj\debug\seal.obj
e:\1\jupiter_ent\samples\networking\sealhunter - 副本\sshell\obj\debug\projectile.obj
e:\1\jupiter_ent\samples\networking\sealhunter - 副本\sshell\obj\debug\playersrvr.obj
e:\1\jupiter_ent\samples\networking\sealhunter - 副本\sshell\obj\debug\pickup.obj
e:\1\jupiter_ent\samples\networking\sealhunter - 副本\sshell\obj\debug\ltservershell.obj
e:\1\jupiter_ent\samples\networking\sealhunter - 副本\sshell\obj\debug\gamestartpoint.obj
e:\1\jupiter_ent\samples\networking\sealhunter - 副本\sshell\obj\debug\aivolume.obj
e:\1\jupiter_ent\samples\networking\sealhunter - 副本\sshell\obj\debug\ltquatbase.obj
e:\1\jupiter_ent\samples\networking\sealhunter - 副本\sshell\obj\debug\ltmodule.obj
e:\1\jupiter_ent\samples\networking\sealhunter - 副本\sshell\obj\debug\ltengineobjects.obj
e:\1\jupiter_ent\samples\networking\sealhunter - 副本\sshell\obj\debug\iltbaseclass.obj
e:\1\jupiter_ent\samples\networking\sealhunter - 副本\sshell\obj\debug\parsedmsg.obj
e:\1\jupiter_ent\samples\networking\sealhunter - 副本\sshell\obj\debug\object.lib
e:\1\jupiter_ent\samples\networking\sealhunter - 副本\sshell\obj\debug\object.exp
e:\1\jupiter_ent\samples\networking\sealhunter - 副本\sshell\obj\debug\object.lto
e:\1\jupiter_ent\samples\networking\sealhunter - 副本\sshell\obj\debug\object.ilk
e:\1\jupiter_ent\samples\networking\sealhunter - 副本\sshell\obj\debug\object.pdb
e:\1\jupiter_ent\samples\networking\sealhunter - 副本\sshell\obj\debug\object.tlog\bscmake.command.1.tlog
e:\1\jupiter_ent\samples\networking\sealhunter - 副本\sshell\obj\debug\object.tlog\bscmake.read.1.tlog
e:\1\jupiter_ent\samples\networking\sealhunter - 副本\sshell\obj\debug\object.tlog\bscmake.write.1.tlog
e:\1\jupiter_ent\samples\networking\sealhunter - 副本\sshell\obj\debug\object.tlog\cl.command.1.tlog
e:\1\jupiter_ent\samples\networking\sealhunter - 副本\sshell\obj\debug\object.tlog\cl.items.tlog
e:\1\jupiter_ent\samples\networking\sealhunter - 副本\sshell\obj\debug\object.tlog\cl.read.1.tlog
e:\1\jupiter_ent\samples\networking\sealhunter - 副本\sshell\obj\debug\object.tlog\cl.write.1.tlog
e:\1\jupiter_ent\samples\networking\sealhunter - 副本\sshell\obj\debug\object.tlog\link.command.1.tlog
e:\1\jupiter_ent\samples\networking\sealhunter - 副本\sshell\obj\debug\object.tlog\link.read.1.tlog
e:\1\jupiter_ent\samples\networking\sealhunter - 副本\sshell\obj\debug\object.tlog\link.write.1.tlog
e:\1\jupiter_ent\samples\networking\sealhunter - 副本\sshell\obj\debug\object.tlog\link.write.2u.tlog
