  AIRespawnPoint.cpp
E:\1\Jupiter_Ent\Engine\sdk\inc\ltbasedefs.h(154,2): warning C4996: 'strncpy': This function or variable may be unsafe. Consider using strncpy_s instead. To disable deprecation, use _CRT_SECURE_NO_WARNINGS. See online help for details.
E:\1\Jupiter_Ent\Engine\sdk\inc\ltbasedefs.h(184,2): warning C4996: 'wcsncpy': This function or variable may be unsafe. Consider using wcsncpy_s instead. To disable deprecation, use _CRT_SECURE_NO_WARNINGS. See online help for details.
E:\1\Jupiter_Ent\Engine\sdk\inc\ltbasedefs.h(207,3): warning C4996: 'strcpy': This function or variable may be unsafe. Consider using strcpy_s instead. To disable deprecation, use _CRT_SECURE_NO_WARNINGS. See online help for details.
E:\1\Jupiter_Ent\Engine\sdk\inc\ltbasedefs.h(230,3): warning C4996: 'wcscpy': This function or variable may be unsafe. Consider using wcscpy_s instead. To disable deprecation, use _CRT_SECURE_NO_WARNINGS. See online help for details.
E:\1\Jupiter_Ent\Engine\sdk\inc\ltbasedefs.h(259,2): warning C4996: 'strncpy': This function or variable may be unsafe. Consider using strncpy_s instead. To disable deprecation, use _CRT_SECURE_NO_WARNINGS. See online help for details.
E:\1\Jupiter_Ent\Engine\sdk\inc\ltbasedefs.h(282,2): warning C4996: 'strncat': This function or variable may be unsafe. Consider using strncat_s instead. To disable deprecation, use _CRT_SECURE_NO_WARNINGS. See online help for details.
E:\1\Jupiter_Ent\Engine\sdk\inc\ltbasedefs.h(310,2): warning C4996: 'wcsncat': This function or variable may be unsafe. Consider using wcsncat_s instead. To disable deprecation, use _CRT_SECURE_NO_WARNINGS. See online help for details.
E:\1\Jupiter_Ent\Engine\sdk\inc\ltbasedefs.h(335,2): warning C4996: 'strncat': This function or variable may be unsafe. Consider using strncat_s instead. To disable deprecation, use _CRT_SECURE_NO_WARNINGS. See online help for details.
E:\1\Jupiter_Ent\Engine\sdk\inc\ltbasedefs.h(403,3): warning C4996: '_vsnprintf': This function or variable may be unsafe. Consider using _vsnprintf_s instead. To disable deprecation, use _CRT_SECURE_NO_WARNINGS. See online help for details.
E:\1\Jupiter_Ent\Engine\sdk\inc\ltproperty.h(81,3): warning C4996: 'sprintf': This function or variable may be unsafe. Consider using sprintf_s instead. To disable deprecation, use _CRT_SECURE_NO_WARNINGS. See online help for details.
E:\1\Jupiter_Ent\Engine\sdk\inc\ltproperty.h(88,3): warning C4996: 'sscanf': This function or variable may be unsafe. Consider using sscanf_s instead. To disable deprecation, use _CRT_SECURE_NO_WARNINGS. See online help for details.
E:\1\Jupiter_Ent\Engine\sdk\inc\ltproperty.h(103,3): warning C4996: 'sprintf': This function or variable may be unsafe. Consider using sprintf_s instead. To disable deprecation, use _CRT_SECURE_NO_WARNINGS. See online help for details.
E:\1\Jupiter_Ent\Engine\sdk\inc\ltproperty.h(110,3): warning C4996: 'sprintf': This function or variable may be unsafe. Consider using sprintf_s instead. To disable deprecation, use _CRT_SECURE_NO_WARNINGS. See online help for details.
E:\1\Jupiter_Ent\Engine\sdk\inc\ltproperty.h(391,12): warning C4996: 'stricmp': The POSIX name for this item is deprecated. Instead, use the ISO C and C++ conformant name: _stricmp. See online help for details.
E:\1\Jupiter_Ent\Engine\sdk\inc\ltproperty.h(468,20): warning C4996: 'stricmp': The POSIX name for this item is deprecated. Instead, use the ISO C and C++ conformant name: _stricmp. See online help for details.
E:\1\Jupiter_Ent\Engine\sdk\inc\ltrenderstyle.h(949,172): warning C4996: 'strcpy': This function or variable may be unsafe. Consider using strcpy_s instead. To disable deprecation, use _CRT_SECURE_NO_WARNINGS. See online help for details.
E:\1\Jupiter_Ent\Samples\networking\sealhunter - 副本 - 副本2\sshell\src\AIRespawnPoint.cpp(122,3): warning C4996: 'sprintf': This function or variable may be unsafe. Consider using sprintf_s instead. To disable deprecation, use _CRT_SECURE_NO_WARNINGS. See online help for details.
E:\1\Jupiter_Ent\Samples\networking\sealhunter - 副本 - 副本2\sshell\src\AIRespawnPoint.cpp(678,2): warning C4996: 'sprintf': This function or variable may be unsafe. Consider using sprintf_s instead. To disable deprecation, use _CRT_SECURE_NO_WARNINGS. See online help for details.
  AIVolume.cpp
E:\1\Jupiter_Ent\Engine\sdk\inc\ltbasedefs.h(154,2): warning C4996: 'strncpy': This function or variable may be unsafe. Consider using strncpy_s instead. To disable deprecation, use _CRT_SECURE_NO_WARNINGS. See online help for details.
E:\1\Jupiter_Ent\Engine\sdk\inc\ltbasedefs.h(184,2): warning C4996: 'wcsncpy': This function or variable may be unsafe. Consider using wcsncpy_s instead. To disable deprecation, use _CRT_SECURE_NO_WARNINGS. See online help for details.
E:\1\Jupiter_Ent\Engine\sdk\inc\ltbasedefs.h(207,3): warning C4996: 'strcpy': This function or variable may be unsafe. Consider using strcpy_s instead. To disable deprecation, use _CRT_SECURE_NO_WARNINGS. See online help for details.
E:\1\Jupiter_Ent\Engine\sdk\inc\ltbasedefs.h(230,3): warning C4996: 'wcscpy': This function or variable may be unsafe. Consider using wcscpy_s instead. To disable deprecation, use _CRT_SECURE_NO_WARNINGS. See online help for details.
E:\1\Jupiter_Ent\Engine\sdk\inc\ltbasedefs.h(259,2): warning C4996: 'strncpy': This function or variable may be unsafe. Consider using strncpy_s instead. To disable deprecation, use _CRT_SECURE_NO_WARNINGS. See online help for details.
E:\1\Jupiter_Ent\Engine\sdk\inc\ltbasedefs.h(282,2): warning C4996: 'strncat': This function or variable may be unsafe. Consider using strncat_s instead. To disable deprecation, use _CRT_SECURE_NO_WARNINGS. See online help for details.
E:\1\Jupiter_Ent\Engine\sdk\inc\ltbasedefs.h(310,2): warning C4996: 'wcsncat': This function or variable may be unsafe. Consider using wcsncat_s instead. To disable deprecation, use _CRT_SECURE_NO_WARNINGS. See online help for details.
E:\1\Jupiter_Ent\Engine\sdk\inc\ltbasedefs.h(335,2): warning C4996: 'strncat': This function or variable may be unsafe. Consider using strncat_s instead. To disable deprecation, use _CRT_SECURE_NO_WARNINGS. See online help for details.
E:\1\Jupiter_Ent\Engine\sdk\inc\ltbasedefs.h(403,3): warning C4996: '_vsnprintf': This function or variable may be unsafe. Consider using _vsnprintf_s instead. To disable deprecation, use _CRT_SECURE_NO_WARNINGS. See online help for details.
E:\1\Jupiter_Ent\Engine\sdk\inc\ltproperty.h(81,3): warning C4996: 'sprintf': This function or variable may be unsafe. Consider using sprintf_s instead. To disable deprecation, use _CRT_SECURE_NO_WARNINGS. See online help for details.
E:\1\Jupiter_Ent\Engine\sdk\inc\ltproperty.h(88,3): warning C4996: 'sscanf': This function or variable may be unsafe. Consider using sscanf_s instead. To disable deprecation, use _CRT_SECURE_NO_WARNINGS. See online help for details.
E:\1\Jupiter_Ent\Engine\sdk\inc\ltproperty.h(103,3): warning C4996: 'sprintf': This function or variable may be unsafe. Consider using sprintf_s instead. To disable deprecation, use _CRT_SECURE_NO_WARNINGS. See online help for details.
E:\1\Jupiter_Ent\Engine\sdk\inc\ltproperty.h(110,3): warning C4996: 'sprintf': This function or variable may be unsafe. Consider using sprintf_s instead. To disable deprecation, use _CRT_SECURE_NO_WARNINGS. See online help for details.
E:\1\Jupiter_Ent\Engine\sdk\inc\ltproperty.h(391,12): warning C4996: 'stricmp': The POSIX name for this item is deprecated. Instead, use the ISO C and C++ conformant name: _stricmp. See online help for details.
E:\1\Jupiter_Ent\Engine\sdk\inc\ltproperty.h(468,20): warning C4996: 'stricmp': The POSIX name for this item is deprecated. Instead, use the ISO C and C++ conformant name: _stricmp. See online help for details.
E:\1\Jupiter_Ent\Samples\networking\sealhunter - 副本 - 副本2\sshell\src\AIVolume.cpp(201,5): warning C4996: 'strcpy': This function or variable may be unsafe. Consider using strcpy_s instead. To disable deprecation, use _CRT_SECURE_NO_WARNINGS. See online help for details.
E:\1\Jupiter_Ent\Samples\networking\sealhunter - 副本 - 副本2\sshell\src\AIVolume.cpp(202,5): warning C4996: 'strcpy': This function or variable may be unsafe. Consider using strcpy_s instead. To disable deprecation, use _CRT_SECURE_NO_WARNINGS. See online help for details.
  正在生成代码...
E:\VS2022\MSBuild\Microsoft\VC\v170\Microsoft.CppBuild.targets(1389,5): warning MSB8012: TargetPath(E:\1\Jupiter_Ent\Samples\networking\sealhunter - 副本 - 副本2\sshell\obj\Release\object.dll) 与 Linker 的 OutputFile 属性值(E:\1\Jupiter_Ent\Samples\networking\sealhunter - 副本 - 副本2\sshell\obj\Release\object.lto)不匹配。这可能导致项目生成不正确。若要更正此问题，请确保 $(OutDir)、$(TargetName) 和 $(TargetExt) 属性值与 %(Link.OutputFile) 中指定的值匹配。
E:\VS2022\MSBuild\Microsoft\VC\v170\Microsoft.CppBuild.targets(1390,5): warning MSB8012: TargetExt(.dll) 与 Linker 的 OutputFile 属性值(.lto)不匹配。这可能导致项目生成不正确。若要更正此问题，请确保 $(OutDir)、$(TargetName) 和 $(TargetExt) 属性值与 %(Link.OutputFile) 中指定的值匹配。
    正在创建库 .\..\obj\Release\object.lib 和对象 .\..\obj\Release\object.exp
  object.vcxproj -> E:\1\Jupiter_Ent\Samples\networking\sealhunter - 副本 - 副本2\sshell\obj\Release\object.dll
  已复制         1 个文件。
