e:\1\jupiter_ent\samples\networking\sealhunter - 副本 - 副本1\sshell\obj\release\vc143.pdb
e:\1\jupiter_ent\samples\networking\sealhunter - 副本 - 副本1\sshell\obj\release\worldproperties.obj
e:\1\jupiter_ent\samples\networking\sealhunter - 副本 - 副本1\sshell\obj\release\trigger.obj
e:\1\jupiter_ent\samples\networking\sealhunter - 副本 - 副本1\sshell\obj\release\transworldmodel.obj
e:\1\jupiter_ent\samples\networking\sealhunter - 副本 - 副本1\sshell\obj\release\statsmanager.obj
e:\1\jupiter_ent\samples\networking\sealhunter - 副本 - 副本1\sshell\obj\release\snowman.obj
e:\1\jupiter_ent\samples\networking\sealhunter - 副本 - 副本1\sshell\obj\release\serverutilities.obj
e:\1\jupiter_ent\samples\networking\sealhunter - 副本 - 副本1\sshell\obj\release\serverspecialfx.obj
e:\1\jupiter_ent\samples\networking\sealhunter - 副本 - 副本1\sshell\obj\release\serverinterfaces.obj
e:\1\jupiter_ent\samples\networking\sealhunter - 副本 - 副本1\sshell\obj\release\seal.obj
e:\1\jupiter_ent\samples\networking\sealhunter - 副本 - 副本1\sshell\obj\release\projectile.obj
e:\1\jupiter_ent\samples\networking\sealhunter - 副本 - 副本1\sshell\obj\release\playersrvr.obj
e:\1\jupiter_ent\samples\networking\sealhunter - 副本 - 副本1\sshell\obj\release\pickup.obj
e:\1\jupiter_ent\samples\networking\sealhunter - 副本 - 副本1\sshell\obj\release\ltservershell.obj
e:\1\jupiter_ent\samples\networking\sealhunter - 副本 - 副本1\sshell\obj\release\gamestartpoint.obj
e:\1\jupiter_ent\samples\networking\sealhunter - 副本 - 副本1\sshell\obj\release\aivolume.obj
e:\1\jupiter_ent\samples\networking\sealhunter - 副本 - 副本1\sshell\obj\release\ltquatbase.obj
e:\1\jupiter_ent\samples\networking\sealhunter - 副本 - 副本1\sshell\obj\release\ltmodule.obj
e:\1\jupiter_ent\samples\networking\sealhunter - 副本 - 副本1\sshell\obj\release\ltengineobjects.obj
e:\1\jupiter_ent\samples\networking\sealhunter - 副本 - 副本1\sshell\obj\release\iltbaseclass.obj
e:\1\jupiter_ent\samples\networking\sealhunter - 副本 - 副本1\sshell\obj\release\parsedmsg.obj
e:\1\jupiter_ent\samples\networking\sealhunter - 副本 - 副本1\sshell\obj\release\airespawnpoint.obj
e:\1\jupiter_ent\samples\networking\sealhunter - 副本 - 副本1\sshell\obj\release\object.lib
e:\1\jupiter_ent\samples\networking\sealhunter - 副本 - 副本1\sshell\obj\release\object.exp
e:\1\jupiter_ent\samples\networking\sealhunter - 副本 - 副本1\sshell\obj\release\object.lto
e:\1\jupiter_ent\samples\networking\sealhunter - 副本 - 副本1\sshell\obj\release\object.pdb
e:\1\jupiter_ent\samples\networking\sealhunter - 副本 - 副本1\sshell\obj\release\object.tlog\cl.command.1.tlog
e:\1\jupiter_ent\samples\networking\sealhunter - 副本 - 副本1\sshell\obj\release\object.tlog\cl.items.tlog
e:\1\jupiter_ent\samples\networking\sealhunter - 副本 - 副本1\sshell\obj\release\object.tlog\cl.read.1.tlog
e:\1\jupiter_ent\samples\networking\sealhunter - 副本 - 副本1\sshell\obj\release\object.tlog\cl.write.1.tlog
e:\1\jupiter_ent\samples\networking\sealhunter - 副本 - 副本1\sshell\obj\release\object.tlog\link.command.1.tlog
e:\1\jupiter_ent\samples\networking\sealhunter - 副本 - 副本1\sshell\obj\release\object.tlog\link.read.1.tlog
e:\1\jupiter_ent\samples\networking\sealhunter - 副本 - 副本1\sshell\obj\release\object.tlog\link.write.1.tlog
e:\1\jupiter_ent\samples\networking\sealhunter - 副本 - 副本1\sshell\obj\release\object.tlog\link.write.2u.tlog
